Fold 0
Model 0 best validation rmse = 0.619786 on epoch 29
Model 0 test rmse = 0.692200
Ensemble test rmse = 0.692200
1-fold cross validation
Seed 0 ==> test rmse = 0.692200
Overall test rmse = 0.692200 +/- 0.000000
Fold 0
Model 0 best validation rmse = 0.659324 on epoch 29
Model 0 test rmse = 0.662008
Ensemble test rmse = 0.662008
Fold 1
Model 0 best validation rmse = 0.662206 on epoch 29
Model 0 test rmse = 0.673568
Ensemble test rmse = 0.673568
Fold 2
Model 0 best validation rmse = 0.629639 on epoch 29
Model 0 test rmse = 0.673049
Ensemble test rmse = 0.673049
Fold 3
Model 0 best validation rmse = 0.619830 on epoch 25
Model 0 test rmse = 0.669234
Ensemble test rmse = 0.669234
Fold 4
Model 0 best validation rmse = 0.662486 on epoch 26
Model 0 test rmse = 0.678928
Ensemble test rmse = 0.678928
5-fold cross validation
Seed 42 ==> test rmse = 0.662008
Seed 43 ==> test rmse = 0.673568
Seed 44 ==> test rmse = 0.673049
Seed 45 ==> test rmse = 0.669234
Seed 46 ==> test rmse = 0.678928
Overall test rmse = 0.671358 +/- 0.005603
Fold 0
Model 0 best validation rmse = 0.605155 on epoch 27
Model 0 test rmse = 0.583515
Ensemble test rmse = 0.583515
1-fold cross validation
Seed 42 ==> test rmse = 0.583515
Overall test rmse = 0.583515 +/- 0.000000
Fold 0
Model 0 best validation rmse = 0.642567 on epoch 27
Model 0 test rmse = 0.648347
Ensemble test rmse = 0.648347
1-fold cross validation
Seed 42 ==> test rmse = 0.648347
Overall test rmse = 0.648347 +/- 0.000000
Fold 0
Model 0 best validation rmse = 0.647941 on epoch 28
Model 0 test rmse = 0.645587
Ensemble test rmse = 0.645587
Fold 1
